File type 'fcstd' not supported
Traceback (most recent call last):
  File "/home/oangelo/git/furiosa/generate-images.py", line 141, in <module>
    success = generate_part_images()
  File "/home/oangelo/git/furiosa/generate-images.py", line 125, in generate_part_images
    view.viewIsometric()
    ^^^^
UnboundLocalError: cannot access local variable 'view' where it is not associated with a value
======================================================================
GERADOR DE IMAGENS - BUS BOX (PEÇAS SEPARADAS)
======================================================================

Abrindo documento: /home/oangelo/git/furiosa/bus-box.FCStd
Documento carregado: bus_box
Inicializando GUI...
Peça encontrada: Base
Peça encontrada: tampa

Processando: Base
  AVISO: Não foi possível controlar visibilidade de Base

Processando: tampa
  AVISO: Não foi possível controlar visibilidade de tampa

Gerando vista completa...
QThreadStorage: entry 8 destroyed before end of thread 0x55e8fae37010
QThreadStorage: entry 7 destroyed before end of thread 0x55e8fae37010
QThreadStorage: entry 6 destroyed before end of thread 0x55e8fae37010
QThreadStorage: entry 2 destroyed before end of thread 0x55e8fae37010
QThreadStorage: entry 1 destroyed before end of thread 0x55e8fae37010
