======================================================================
GERADOR DE IMAGENS - BUS BOX (PEÇAS SEPARADAS)
======================================================================

Abrindo documento: /home/oangelo/git/furiosa/bus-box.FCStd
Documento carregado: bus_box
Peça encontrada: Base
Peça encontrada: tampa

Processando: Base
  ✓ STL exportado: bus-box-Base.stl
  ✓ Documento temporário criado: temp-Base.FCStd

Processando: tampa
  ✓ STL exportado: bus-box-tampa.stl
  ✓ Documento temporário criado: temp-tampa.FCStd

✓ Script de renderização criado: render-mesh.py

Para gerar as imagens PNG, execute manualmente:
  freecad render-mesh.py

Ou no FreeCAD GUI:
  1. Abra cada arquivo temp-*.FCStd
  2. Use File → Export para salvar como PNG

  ✓ Arquivo temporário removido: bus-box-Base.stl

  ✓ Arquivo temporário removido: bus-box-tampa.stl

======================================================================
ARQUIVOS TEMPORÁRIOS CRIADOS!
======================================================================

Arquivos gerados:
  - temp-Base.FCStd (abra no FreeCAD GUI)
  - temp-tampa.FCStd (abra no FreeCAD GUI)
  - render-mesh.py (script para renderização automática)
