======================================================================
GERADOR DE IMAGENS - BUS BOX (PEÇAS SEPARADAS)
======================================================================
OpenSCAD encontrado: OpenSCAD version 2026.02.04

Verificando arquivos STEP...
  ✓ bus-box-Base.step
  ✓ bus-box-tampa.step

Processando: Base
  Gerando isometric...
    ✓ bus-box-Base-isometric.png
  Gerando front...
    ✓ bus-box-Base-front.png
  Gerando top...
    ✓ bus-box-Base-top.png
  Gerando right...
    ✓ bus-box-Base-right.png

Processando: tampa
  Gerando isometric...
    ✓ bus-box-tampa-isometric.png
  Gerando front...
    ✓ bus-box-tampa-front.png
  Gerando top...
    ✓ bus-box-tampa-top.png
  Gerando right...
    ✓ bus-box-tampa-right.png

======================================================================
PROCESSO CONCLUÍDO!
======================================================================

Nota: A qualidade das imagens depende do OpenSCAD.
Para melhores resultados, abra os arquivos STEP no FreeCAD GUI.
